Resuming from existing stats CSV: /mnt/home/xiaoshilin/ADD-NLP/results/NLPanalysis/LibriSeVoc_melgan/audio_stats.csv (1 recorded items)
Running batch analysis with 24 parallel jobs on CPU (host cores: 64).
[24/13201] 1040_133433_000071_000002_gen.wav
  FAILED: R analysis failed: Error in readBin(con, int, n = 4, size = 1, endian = "little", signed = FALSE) %*%  : 
  non-conformable arguments
Warning in min(x, na.rm = na.rm) :
  no non-missing arguments to min; returning Inf
Warning in max(x, na.rm = na.rm) :
  no non-missing arguments to max; returning -Inf
Warning in processAudio(x, samplingRate = samplingRate, scale = scale, from = from,  :
  Failed to process the input
Error in analyze(input_path, windowLength = window_length, step = step_size,  : 
  Failed to analyze any input
Execution halted
[26/13201] 1040_133433_000072_000001_gen.wav
  FAILED: R analysis failed: Error in readBin(con, int, n = 4, size = 1, endian = "little", signed = FALSE) %*%  : 
  non-conformable arguments
Warning in min(x, na.rm = na.rm) :
  no non-missing arguments to min; returning Inf
Warning in max(x, na.rm = na.rm) :
  no non-missing arguments to max; returning -Inf
Warning in processAudio(x, samplingRate = samplingRate, scale = scale, from = from,  :
  Failed to process the input
Error in analyze(input_path, windowLength = window_length, step = step_size,  : 
  Failed to analyze any input
Execution halted
[22/13201] 1040_133433_000069_000000_gen.wav
  FAILED: R analysis failed: Error in readBin(con, int, n = 4, size = 1, endian = "little", signed = FALSE) %*%  : 
  non-conformable arguments
Warning in min(x, na.rm = na.rm) :
  no non-missing arguments to min; returning Inf
Warning in max(x, na.rm = na.rm) :
  no non-missing arguments to max; returning -Inf
Warning in processAudio(x, samplingRate = samplingRate, scale = scale, from = from,  :
  Failed to process the input
Error in analyze(input_path, windowLength = window_length, step = step_size,  : 
  Failed to analyze any input
Execution halted
[10/13201] 103_1241_000017_000000_gen.wav
  OK
[8/13201] 103_1241_000004_000002_gen.wav
  OK
[19/13201] 1040_133433_000056_000000_gen.wav
  OK
[20/13201] 1040_133433_000064_000000_gen.wav
  OK
[27/13201] 1040_133433_000075_000002_gen.wav
  OK
[21/13201] 1040_133433_000065_000001_gen.wav
  OK
[12/13201] 103_1241_000025_000007_gen.wav
  OK
[16/13201] 1040_133433_000033_000000_gen.wav
  OK
[11/13201] 103_1241_000021_000000_gen.wav
  OK
[5/13201] 1034_121119_000040_000001_gen.wav
  OK
[15/13201] 103_1241_000054_000007_gen.wav
  OK
[25/13201] 1040_133433_000072_000000_gen.wav
  OK
[28/13201] 1040_133433_000076_000000_gen.wav
  OK
[6/13201] 1034_121119_000052_000002_gen.wav
  OK
[4/13201] 1034_121119_000028_000001_gen.wav
  OK
[14/13201] 103_1241_000042_000001_gen.wav
  OK
[13/13201] 103_1241_000034_000005_gen.wav
  OK
[1/13201] 1034_121119_000002_000001_gen.wav
  OK
[17/13201] 1040_133433_000052_000001_gen.wav
  OK
[23/13201] 1040_133433_000071_000001_gen.wav
  OK
[7/13201] 1034_121119_000065_000003_gen.wav
  OK
[33/13201] 1040_133433_000105_000000_gen.wav
  OK
[3/13201] 1034_121119_000010_000006_gen.wav
  OK
[30/13201] 1040_133433_000079_000000_gen.wav
  OK
[29/13201] 1040_133433_000076_000001_gen.wav
  OK
[18/13201] 1040_133433_000055_000000_gen.wav
  OK
[31/13201] 1040_133433_000095_000000_gen.wav
  OK
[9/13201] 103_1241_000014_000003_gen.wav
  OK
[32/13201] 1040_133433_000103_000000_gen.wav
  OK
[39/13201] 1040_133433_000164_000000_gen.wav
  OK
[36/13201] 1040_133433_000129_000000_gen.wav
  OK
[37/13201] 1040_133433_000138_000001_gen.wav
  OK
[35/13201] 1040_133433_000115_000001_gen.wav
  OK
[60/13201] 1069_133699_000056_000001_gen.wav
  FAILED: R analysis failed: Error in readBin(con, int, n = 4, size = 1, endian = "little", signed = FALSE) %*%  : 
  non-conformable arguments
Warning in min(x, na.rm = na.rm) :
  no non-missing arguments to min; returning Inf
Warning in max(x, na.rm = na.rm) :
  no non-missing arguments to max; returning -Inf
Warning in processAudio(x, samplingRate = samplingRate, scale = scale, from = from,  :
  Failed to process the input
Error in analyze(input_path, windowLength = window_length, step = step_size,  : 
  Failed to analyze any input
Execution halted
[44/13201] 1069_133699_000009_000000_gen.wav
  OK
[43/13201] 1069_133699_000004_000005_gen.wav
  OK
[46/13201] 1069_133699_000011_000001_gen.wav
  OK
[45/13201] 1069_133699_000010_000000_gen.wav
  OK
[42/13201] 1069_133699_000004_000003_gen.wav
  OK
[47/13201] 1069_133699_000016_000000_gen.wav
  OK
[56/13201] 1069_133699_000052_000000_gen.wav
  OK
[53/13201] 1069_133699_000045_000001_gen.wav
  OK
[55/13201] 1069_133699_000051_000000_gen.wav
  OK
[52/13201] 1069_133699_000035_000001_gen.wav
  OK
[54/13201] 1069_133699_000048_000000_gen.wav
  OK
[57/13201] 1069_133699_000053_000000_gen.wav
  OK
[49/13201] 1069_133699_000025_000000_gen.wav
  OK
[75/13201] 1069_133699_000067_000005_gen.wav
  FAILED: R analysis failed: Error in readBin(con, int, n = 4, size = 1, endian = "little", signed = FALSE) %*%  : 
  non-conformable arguments
Warning in min(x, na.rm = na.rm) :
  no non-missing arguments to min; returning Inf
Warning in max(x, na.rm = na.rm) :
  no non-missing arguments to max; returning -Inf
Warning in processAudio(x, samplingRate = samplingRate, scale = scale, from = from,  :
  Failed to process the input
Error in analyze(input_path, windowLength = window_length, step = step_size,  : 
  Failed to analyze any input
Execution halted
[34/13201] 1040_133433_000113_000002_gen.wav
  OK
[38/13201] 1040_133433_000157_000000_gen.wav
  OK
[76/13201] 1069_133699_000067_000008_gen.wav
  FAILED: R analysis failed: Error in readBin(con, int, n = 4, size = 1, endian = "little", signed = FALSE) %*%  : 
  non-conformable arguments
Warning in min(x, na.rm = na.rm) :
  no non-missing arguments to min; returning Inf
Warning in max(x, na.rm = na.rm) :
  no non-missing arguments to max; returning -Inf
Warning in processAudio(x, samplingRate = samplingRate, scale = scale, from = from,  :
  Failed to process the input
Error in analyze(input_path, windowLength = window_length, step = step_size,  : 
  Failed to analyze any input
Execution halted
[58/13201] 1069_133699_000054_000001_gen.wav
  OK
[63/13201] 1069_133699_000062_000000_gen.wav
  OK
[51/13201] 1069_133699_000033_000000_gen.wav
  OK
[59/13201] 1069_133699_000056_000000_gen.wav
  OK
[82/13201] 1088_129236_000005_000000_gen.wav
  FAILED: R analysis failed: Error in readBin(con, int, n = 4, size = 1, endian = "little", signed = FALSE) %*%  : 
  non-conformable arguments
Warning in min(x, na.rm = na.rm) :
  no non-missing arguments to min; returning Inf
Warning in max(x, na.rm = na.rm) :
  no non-missing arguments to max; returning -Inf
Warning in processAudio(x, samplingRate = samplingRate, scale = scale, from = from,  :
  Failed to process the input
Error in analyze(input_path, windowLength = window_length, step = step_size,  : 
  Failed to analyze any input
Execution halted
[62/13201] 1069_133699_000060_000001_gen.wav
  OK
[40/13201] 1040_133433_000168_000001_gen.wav
  OK
[61/13201] 1069_133699_000058_000000_gen.wav
  OK
[50/13201] 1069_133699_000028_000001_gen.wav
  OK
[64/13201] 1069_133699_000066_000001_gen.wav
  OK
[41/13201] 1069_133699_000002_000002_gen.wav
  OK
[88/13201] 1088_129236_000006_000006_gen.wav
  FAILED: R analysis failed: Error in readBin(con, int, n = 4, size = 1, endian = "little", signed = FALSE) %*%  : 
  non-conformable arguments
Warning in min(x, na.rm = na.rm) :
  no non-missing arguments to min; returning Inf
Warning in max(x, na.rm = na.rm) :
  no non-missing arguments to max; returning -Inf
Warning in processAudio(x, samplingRate = samplingRate, scale = scale, from = from,  :
  Failed to process the input
Error in analyze(input_path, windowLength = window_length, step = step_size,  : 
  Failed to analyze any input
Execution halted
[89/13201] 1088_129236_000006_000007_gen.wav
  FAILED: R analysis failed: Error in readBin(con, int, n = 4, size = 1, endian = "little", signed = FALSE) %*%  : 
  non-conformable arguments
Warning in min(x, na.rm = na.rm) :
  no non-missing arguments to min; returning Inf
Warning in max(x, na.rm = na.rm) :
  no non-missing arguments to max; returning -Inf
Warning in processAudio(x, samplingRate = samplingRate, scale = scale, from = from,  :
  Failed to process the input
Error in analyze(input_path, windowLength = window_length, step = step_size,  : 
  Failed to analyze any input
Execution halted
[48/13201] 1069_133699_000018_000002_gen.wav
  OK
[80/13201] 1069_133709_000043_000033_gen.wav
  OK
[81/13201] 1088_129236_000003_000000_gen.wav
  OK
[78/13201] 1069_133709_000043_000030_gen.wav
  OK
[77/13201] 1069_133699_000069_000001_gen.wav
  OK
[70/13201] 1069_133699_000066_000010_gen.wav
  OK
[73/13201] 1069_133699_000067_000002_gen.wav
  OK
[65/13201] 1069_133699_000066_000003_gen.wav
  OK
[74/13201] 1069_133699_000067_000003_gen.wav
  OK
[68/13201] 1069_133699_000066_000008_gen.wav
  OK
[67/13201] 1069_133699_000066_000007_gen.wav
  OK
[84/13201] 1088_129236_000006_000001_gen.wav
  OK
[90/13201] 1088_129236_000007_000001_gen.wav
  OK
[103/13201] 1088_129236_000008_000015_gen.wav
  FAILED: R analysis failed: Error in readBin(con, int, n = 4, size = 1, endian = "little", signed = FALSE) %*%  : 
  non-conformable arguments
Warning in min(x, na.rm = na.rm) :
  no non-missing arguments to min; returning Inf
Warning in max(x, na.rm = na.rm) :
  no non-missing arguments to max; returning -Inf
Warning in processAudio(x, samplingRate = samplingRate, scale = scale, from = from,  :
  Failed to process the input
Error in analyze(input_path, windowLength = window_length, step = step_size,  : 
  Failed to analyze any input
Execution halted
[91/13201] 1088_129236_000007_000002_gen.wav
  OK
[85/13201] 1088_129236_000006_000002_gen.wav
  OK
[72/13201] 1069_133699_000067_000000_gen.wav
  OK
[96/13201] 1088_129236_000008_000003_gen.wav
  OK
[97/13201] 1088_129236_000008_000004_gen.wav
  OK
[98/13201] 1088_129236_000008_000006_gen.wav
  OK
[71/13201] 1069_133699_000066_000011_gen.wav
  OK
[110/13201] 1088_129236_000016_000001_gen.wav
  FAILED: R analysis failed: Error in readBin(con, int, n = 4, size = 1, endian = "little", signed = FALSE) %*%  : 
  non-conformable arguments
Warning in min(x, na.rm = na.rm) :
  no non-missing arguments to min; returning Inf
Warning in max(x, na.rm = na.rm) :
  no non-missing arguments to max; returning -Inf
Warning in processAudio(x, samplingRate = samplingRate, scale = scale, from = from,  :
  Failed to process the input
Error in analyze(input_path, windowLength = window_length, step = step_size,  : 
  Failed to analyze any input
Execution halted
[95/13201] 1088_129236_000008_000000_gen.wav
  OK
[83/13201] 1088_129236_000005_000001_gen.wav
  OK
[93/13201] 1088_129236_000007_000005_gen.wav
  OK
[94/13201] 1088_129236_000007_000012_gen.wav
  OK
[99/13201] 1088_129236_000008_000008_gen.wav
  OK
[69/13201] 1069_133699_000066_000009_gen.wav
  OK
[79/13201] 1069_133709_000043_000031_gen.wav
  OK
[106/13201] 1088_129236_000009_000005_gen.wav
  OK
[92/13201] 1088_129236_000007_000003_gen.wav
  OK
[115/13201] 1088_129236_000019_000000_gen.wav
  OK
[114/13201] 1088_129236_000018_000005_gen.wav
  OK
[86/13201] 1088_129236_000006_000004_gen.wav
  OK
[113/13201] 1088_129236_000018_000004_gen.wav
  OK
[101/13201] 1088_129236_000008_000011_gen.wav
  OK
[66/13201] 1069_133699_000066_000006_gen.wav
  OK
[107/13201] 1088_129236_000011_000000_gen.wav
  OK
[128/13201] 1088_129236_000024_000002_gen.wav
  FAILED: R analysis failed: Error in readBin(con, int, n = 4, size = 1, endian = "little", signed = FALSE) %*%  : 
  non-conformable arguments
Warning in min(x, na.rm = na.rm) :
  no non-missing arguments to min; returning Inf
Warning in max(x, na.rm = na.rm) :
  no non-missing arguments to max; returning -Inf
Warning in processAudio(x, samplingRate = samplingRate, scale = scale, from = from,  :
  Failed to process the input
Error in analyze(input_path, windowLength = window_length, step = step_size,  : 
  Failed to analyze any input
Execution halted
[111/13201] 1088_129236_000017_000001_gen.wav
  OK
[112/13201] 1088_129236_000018_000002_gen.wav
  OK
[131/13201] 1088_129236_000026_000002_gen.wav
  FAILED: R analysis failed: Error in readBin(con, int, n = 4, size = 1, endian = "little", signed = FALSE) %*%  : 
  non-conformable arguments
Warning in min(x, na.rm = na.rm) :
  no non-missing arguments to min; returning Inf
Warning in max(x, na.rm = na.rm) :
  no non-missing arguments to max; returning -Inf
Warning in processAudio(x, samplingRate = samplingRate, scale = scale, from = from,  :
  Failed to process the input
Error in analyze(input_path, windowLength = window_length, step = step_size,  : 
  Failed to analyze any input
Execution halted
[104/13201] 1088_129236_000009_000002_gen.wav
  OK
[109/13201] 1088_129236_000015_000000_gen.wav
  OK
[120/13201] 1088_129236_000019_000008_gen.wav
  OK
[119/13201] 1088_129236_000019_000007_gen.wav
  OK
[108/13201] 1088_129236_000014_000005_gen.wav
  OK
[121/13201] 1088_129236_000020_000002_gen.wav
  OK
[87/13201] 1088_129236_000006_000005_gen.wav
  OK
[100/13201] 1088_129236_000008_000010_gen.wav
  OK
[116/13201] 1088_129236_000019_000001_gen.wav
  OK
[105/13201] 1088_129236_000009_000004_gen.wav
  OK
[118/13201] 1088_129236_000019_000005_gen.wav
  OK
[102/13201] 1088_129236_000008_000014_gen.wav
  OK
[133/13201] 1088_129236_000026_000005_gen.wav
  OK
[125/13201] 1088_129236_000020_000013_gen.wav
  OK
[123/13201] 1088_129236_000020_000007_gen.wav
  OK
[126/13201] 1088_129236_000022_000000_gen.wav
  OK
[117/13201] 1088_129236_000019_000003_gen.wav
  OK
[137/13201] 1088_129236_000028_000001_gen.wav
  OK
[152/13201] 1088_129236_000031_000009_gen.wav
  FAILED: R analysis failed: Error in readBin(con, int, n = 4, size = 1, endian = "little", signed = FALSE) %*%  : 
  non-conformable arguments
Warning in min(x, na.rm = na.rm) :
  no non-missing arguments to min; returning Inf
Warning in max(x, na.rm = na.rm) :
  no non-missing arguments to max; returning -Inf
Warning in processAudio(x, samplingRate = samplingRate, scale = scale, from = from,  :
  Failed to process the input
Error in analyze(input_path, windowLength = window_length, step = step_size,  : 
  Failed to analyze any input
Execution halted
[122/13201] 1088_129236_000020_000004_gen.wav
  OK
[124/13201] 1088_129236_000020_000010_gen.wav
  OK
[135/13201] 1088_129236_000026_000009_gen.wav
  OK
[153/13201] 1088_134315_000002_000001_gen.wav
  FAILED: R analysis failed: Error in readBin(con, int, n = 4, size = 1, endian = "little", signed = FALSE) %*%  : 
  non-conformable arguments
Warning in min(x, na.rm = na.rm) :
  no non-missing arguments to min; returning Inf
Warning in max(x, na.rm = na.rm) :
  no non-missing arguments to max; returning -Inf
Warning in processAudio(x, samplingRate = samplingRate, scale = scale, from = from,  :
  Failed to process the input
Error in analyze(input_path, windowLength = window_length, step = step_size,  : 
  Failed to analyze any input
Execution halted
[130/13201] 1088_129236_000026_000001_gen.wav
  OK
[138/13201] 1088_129236_000028_000003_gen.wav
  OK
[139/13201] 1088_129236_000028_000005_gen.wav
  OK
[147/13201] 1088_129236_000030_000001_gen.wav
  OK
[142/13201] 1088_129236_000028_000011_gen.wav
  OK
[127/13201] 1088_129236_000024_000001_gen.wav
  OK
[151/13201] 1088_129236_000031_000005_gen.wav
  OK
[145/13201] 1088_129236_000028_000015_gen.wav
  OK
[134/13201] 1088_129236_000026_000007_gen.wav
  OK
[136/13201] 1088_129236_000027_000000_gen.wav
  OK
[165/13201] 1088_134315_000024_000005_gen.wav
  FAILED: R analysis failed: Error in readBin(con, int, n = 4, size = 1, endian = "little", signed = FALSE) %*%  : 
  non-conformable arguments
Warning in min(x, na.rm = na.rm) :
  no non-missing arguments to min; returning Inf
Warning in max(x, na.rm = na.rm) :
  no non-missing arguments to max; returning -Inf
Warning in processAudio(x, samplingRate = samplingRate, scale = scale, from = from,  :
  Failed to process the input
Error in analyze(input_path, windowLength = window_length, step = step_size,  : 
  Failed to analyze any input
Execution halted
[144/13201] 1088_129236_000028_000014_gen.wav
  OK
[148/13201] 1088_129236_000030_000004_gen.wav
  OK
[155/13201] 1088_134315_000003_000001_gen.wav
  OK
[143/13201] 1088_129236_000028_000012_gen.wav
  OK
[129/13201] 1088_129236_000025_000002_gen.wav
  OK
[160/13201] 1088_134315_000014_000000_gen.wav
  OK
[162/13201] 1088_134315_000019_000002_gen.wav
  OK
[146/13201] 1088_129236_000028_000018_gen.wav
  OK
[163/13201] 1088_134315_000022_000000_gen.wav
  OK
[159/13201] 1088_134315_000009_000001_gen.wav
  OK
[156/13201] 1088_134315_000004_000000_gen.wav
  OK
[161/13201] 1088_134315_000018_000001_gen.wav
  OK
[157/13201] 1088_134315_000005_000000_gen.wav
  OK
[150/13201] 1088_129236_000031_000000_gen.wav
  OK
[154/13201] 1088_134315_000003_000000_gen.wav
  OK
[149/13201] 1088_129236_000030_000005_gen.wav
  OK
[168/13201] 1088_134315_000030_000002_gen.wav
  OK
[140/13201] 1088_129236_000028_000006_gen.wav
  OK
[132/13201] 1088_129236_000026_000004_gen.wav
  OK
[170/13201] 1088_134315_000036_000000_gen.wav
  OK
[169/13201] 1088_134315_000030_000003_gen.wav
  OK
[164/13201] 1088_134315_000024_000001_gen.wav
  OK
[167/13201] 1088_134315_000030_000001_gen.wav
  OK
[158/13201] 1088_134315_000005_000001_gen.wav
  OK
[173/13201] 1088_134315_000041_000003_gen.wav
  OK
[166/13201] 1088_134315_000029_000000_gen.wav
  OK
[171/13201] 1088_134315_000036_000001_gen.wav
  OK
[141/13201] 1088_129236_000028_000010_gen.wav
  OK
[186/13201] 1088_134315_000056_000001_gen.wav
  FAILED: R analysis failed: Error in readBin(con, int, n = 4, size = 1, endian = "little", signed = FALSE) %*%  : 
  non-conformable arguments
Warning in min(x, na.rm = na.rm) :
  no non-missing arguments to min; returning Inf
Warning in max(x, na.rm = na.rm) :
  no non-missing arguments to max; returning -Inf
Warning in processAudio(x, samplingRate = samplingRate, scale = scale, from = from,  :
  Failed to process the input
Error in analyze(input_path, windowLength = window_length, step = step_size,  : 
  Failed to analyze any input
Execution halted
[174/13201] 1088_134315_000042_000000_gen.wav
  OK
[172/13201] 1088_134315_000038_000000_gen.wav
  OK
[193/13201] 1088_134315_000082_000000_gen.wav
  OK
[188/13201] 1088_134315_000056_000003_gen.wav
  OK
[180/13201] 1088_134315_000047_000000_gen.wav
  OK
[200/13201] 1088_134315_000108_000000_gen.wav
  FAILED: R analysis failed: Error in readBin(con, int, n = 4, size = 1, endian = "little", signed = FALSE) %*%  : 
  non-conformable arguments
Warning in min(x, na.rm = na.rm) :
  no non-missing arguments to min; returning Inf
Warning in max(x, na.rm = na.rm) :
  no non-missing arguments to max; returning -Inf
Warning in processAudio(x, samplingRate = samplingRate, scale = scale, from = from,  :
  Failed to process the input
Error in analyze(input_path, windowLength = window_length, step = step_size,  : 
  Failed to analyze any input
Execution halted
[179/13201] 1088_134315_000046_000000_gen.wav
  OK
[183/13201] 1088_134315_000050_000000_gen.wav
  OK
[185/13201] 1088_134315_000056_000000_gen.wav
  OK
[195/13201] 1088_134315_000094_000001_gen.wav
  OK
[190/13201] 1088_134315_000059_000001_gen.wav
  OK
[184/13201] 1088_134315_000050_000001_gen.wav
  OK
[177/13201] 1088_134315_000045_000001_gen.wav
  OK
[182/13201] 1088_134315_000049_000001_gen.wav
  OK
[175/13201] 1088_134315_000044_000001_gen.wav
  OK
[187/13201] 1088_134315_000056_000002_gen.wav
  OK
[199/13201] 1088_134315_000104_000000_gen.wav
  OK
[181/13201] 1088_134315_000049_000000_gen.wav
  OK
[192/13201] 1088_134315_000069_000000_gen.wav
  OK
[191/13201] 1088_134315_000059_000002_gen.wav
  OK
[197/13201] 1088_134315_000096_000001_gen.wav
  OK
[176/13201] 1088_134315_000045_000000_gen.wav
  OK
[194/13201] 1088_134315_000094_000000_gen.wav
  OK
[189/13201] 1088_134315_000056_000004_gen.wav
  OK
[178/13201] 1088_134315_000045_000002_gen.wav
  OK
[202/13201] 1088_134318_000002_000001_gen.wav
  OK
[205/13201] 1088_134318_000003_000002_gen.wav
  OK
[216/13201] 1098_133695_000003_000003_gen.wav
  FAILED: R analysis failed: Error in readBin(con, int, n = 4, size = 1, endian = "little", signed = FALSE) %*%  : 
  non-conformable arguments
Warning in min(x, na.rm = na.rm) :
  no non-missing arguments to min; returning Inf
Warning in max(x, na.rm = na.rm) :
  no non-missing arguments to max; returning -Inf
Warning in processAudio(x, samplingRate = samplingRate, scale = scale, from = from,  :
  Failed to process the input
Error in analyze(input_path, windowLength = window_length, step = step_size,  : 
  Failed to analyze any input
Execution halted
[218/13201] 1098_133695_000003_000006_gen.wav
  FAILED: R analysis failed: Error in readBin(con, int, n = 4, size = 1, endian = "little", signed = FALSE) %*%  : 
  non-conformable arguments
Warning in min(x, na.rm = na.rm) :
  no non-missing arguments to min; returning Inf
Warning in max(x, na.rm = na.rm) :
  no non-missing arguments to max; returning -Inf
Warning in processAudio(x, samplingRate = samplingRate, scale = scale, from = from,  :
  Failed to process the input
Error in analyze(input_path, windowLength = window_length, step = step_size,  : 
  Failed to analyze any input
Execution halted
[198/13201] 1088_134315_000097_000000_gen.wav
  OK
[203/13201] 1088_134318_000002_000005_gen.wav
  OK
[201/13201] 1088_134315_000113_000001_gen.wav
  OK
[196/13201] 1088_134315_000095_000000_gen.wav
  OK
[215/13201] 1088_134318_000047_000000_gen.wav
  OK
[206/13201] 1088_134318_000019_000001_gen.wav
  OK
[210/13201] 1088_134318_000035_000000_gen.wav
  OK
[217/13201] 1098_133695_000003_000004_gen.wav
  OK
[220/13201] 1098_133695_000003_000008_gen.wav
  OK
[208/13201] 1088_134318_000031_000004_gen.wav
  OK
[235/13201] 1098_133695_000012_000004_gen.wav
  FAILED: R analysis failed: Error in readBin(con, int, n = 4, size = 1, endian = "little", signed = FALSE) %*%  : 
  non-conformable arguments
Warning in min(x, na.rm = na.rm) :
  no non-missing arguments to min; returning Inf
Warning in max(x, na.rm = na.rm) :
  no non-missing arguments to max; returning -Inf
Warning in processAudio(x, samplingRate = samplingRate, scale = scale, from = from,  :
  Failed to process the input
Error in analyze(input_path, windowLength = window_length, step = step_size,  : 
  Failed to analyze any input
Execution halted
[211/13201] 1088_134318_000037_000000_gen.wav
  OK
[230/13201] 1098_133695_000006_000018_gen.wav
  OK
[207/13201] 1088_134318_000031_000002_gen.wav
  OK
[212/13201] 1088_134318_000040_000000_gen.wav
  OK
[214/13201] 1088_134318_000046_000000_gen.wav
  OK
[222/13201] 1098_133695_000004_000002_gen.wav
  OK
[204/13201] 1088_134318_000002_000006_gen.wav
  OK
[219/13201] 1098_133695_000003_000007_gen.wav
  OK
[225/13201] 1098_133695_000006_000010_gen.wav
  OK
[226/13201] 1098_133695_000006_000011_gen.wav
  OK
[224/13201] 1098_133695_000006_000003_gen.wav
  OK
[209/13201] 1088_134318_000034_000001_gen.wav
  OK
[213/13201] 1088_134318_000044_000000_gen.wav
  OK
[231/13201] 1098_133695_000006_000020_gen.wav
  OK
[227/13201] 1098_133695_000006_000012_gen.wav
  OK
[236/13201] 1098_133695_000012_000006_gen.wav
  OK
[229/13201] 1098_133695_000006_000016_gen.wav
  OK
[221/13201] 1098_133695_000003_000009_gen.wav
  OK
[223/13201] 1098_133695_000006_000000_gen.wav
  OK
[234/13201] 1098_133695_000012_000003_gen.wav
  OK
[228/13201] 1098_133695_000006_000014_gen.wav
  OK
[256/13201] 1098_133695_000015_000003_gen.wav
  FAILED: R analysis failed: Error in readBin(con, int, n = 4, size = 1, endian = "little", signed = FALSE) %*%  : 
  non-conformable arguments
Warning in min(x, na.rm = na.rm) :
  no non-missing arguments to min; returning Inf
Warning in max(x, na.rm = na.rm) :
  no non-missing arguments to max; returning -Inf
Warning in processAudio(x, samplingRate = samplingRate, scale = scale, from = from,  :
  Failed to process the input
Error in analyze(input_path, windowLength = window_length, step = step_size,  : 
  Failed to analyze any input
Execution halted
[242/13201] 1098_133695_000013_000004_gen.wav
  OK
[241/13201] 1098_133695_000013_000003_gen.wav
  OK
[247/13201] 1098_133695_000013_000012_gen.wav
  OK
[240/13201] 1098_133695_000013_000002_gen.wav
  OK
[244/13201] 1098_133695_000013_000007_gen.wav
  OK
[262/13201] 1098_133695_000023_000000_gen.wav
  FAILED: R analysis failed: Error in readBin(con, int, n = 4, size = 1, endian = "little", signed = FALSE) %*%  : 
  non-conformable arguments
Warning in min(x, na.rm = na.rm) :
  no non-missing arguments to min; returning Inf
Warning in max(x, na.rm = na.rm) :
  no non-missing arguments to max; returning -Inf
Warning in processAudio(x, samplingRate = samplingRate, scale = scale, from = from,  :
  Failed to process the input
Error in analyze(input_path, windowLength = window_length, step = step_size,  : 
  Failed to analyze any input
Execution halted
[249/13201] 1098_133695_000013_000019_gen.wav
  OK
[232/13201] 1098_133695_000008_000000_gen.wav
  OK
[248/13201] 1098_133695_000013_000018_gen.wav
  OK
[245/13201] 1098_133695_000013_000008_gen.wav
  OK
[257/13201] 1098_133695_000015_000004_gen.wav
  OK
[239/13201] 1098_133695_000012_000011_gen.wav
  OK
[243/13201] 1098_133695_000013_000005_gen.wav
  OK
[251/13201] 1098_133695_000013_000021_gen.wav
  OK
[233/13201] 1098_133695_000012_000001_gen.wav
  OK
[252/13201] 1098_133695_000014_000001_gen.wav
  OK
[265/13201] 1098_133695_000028_000000_gen.wav
  OK
[263/13201] 1098_133695_000025_000000_gen.wav
  OK
[264/13201] 1098_133695_000027_000000_gen.wav
  OK
[246/13201] 1098_133695_000013_000010_gen.wav
  OK
[259/13201] 1098_133695_000015_000006_gen.wav
  OK
[261/13201] 1098_133695_000015_000009_gen.wav
  OK
[271/13201] 1098_133695_000031_000005_gen.wav
  OK
[274/13201] 1098_133695_000036_000000_gen.wav
  OK
[268/13201] 1098_133695_000031_000001_gen.wav
  OK
[250/13201] 1098_133695_000013_000020_gen.wav
  OK
[273/13201] 1098_133695_000035_000000_gen.wav
  OK
[260/13201] 1098_133695_000015_000008_gen.wav
  OK
[283/13201] 1116_132847_000009_000000_gen.wav
  FAILED: R analysis failed: Error in readBin(con, int, n = 4, size = 1, endian = "little", signed = FALSE) %*%  : 
  non-conformable arguments
Warning in min(x, na.rm = na.rm) :
  no non-missing arguments to min; returning Inf
Warning in max(x, na.rm = na.rm) :
  no non-missing arguments to max; returning -Inf
Warning in processAudio(x, samplingRate = samplingRate, scale = scale, from = from,  :
  Failed to process the input
Error in analyze(input_path, windowLength = window_length, step = step_size,  : 
  Failed to analyze any input
Execution halted
[238/13201] 1098_133695_000012_000010_gen.wav
  OK
[275/13201] 1098_133695_000040_000000_gen.wav
  OK
[270/13201] 1098_133695_000031_000004_gen.wav
  OK
[254/13201] 1098_133695_000014_000004_gen.wav
  OK
[276/13201] 1098_133695_000045_000001_gen.wav
  OK
[292/13201] 1116_132847_000018_000000_gen.wav
  FAILED: R analysis failed: Error in readBin(con, int, n = 4, size = 1, endian = "little", signed = FALSE) %*%  : 
  non-conformable arguments
Warning in min(x, na.rm = na.rm) :
  no non-missing arguments to min; returning Inf
Warning in max(x, na.rm = na.rm) :
  no non-missing arguments to max; returning -Inf
Warning in processAudio(x, samplingRate = samplingRate, scale = scale, from = from,  :
  Failed to process the input
Error in analyze(input_path, windowLength = window_length, step = step_size,  : 
  Failed to analyze any input
Execution halted
[278/13201] 1098_133695_000048_000001_gen.wav
  OK
[267/13201] 1098_133695_000031_000000_gen.wav
  OK
[279/13201] 1098_133695_000050_000000_gen.wav
  OK
[258/13201] 1098_133695_000015_000005_gen.wav
  OK
[298/13201] 1116_132847_000024_000001_gen.wav
  FAILED: R analysis failed: Error in readBin(con, int, n = 4, size = 1, endian = "little", signed = FALSE) %*%  : 
  non-conformable arguments
Warning in min(x, na.rm = na.rm) :
  no non-missing arguments to min; returning Inf
Warning in max(x, na.rm = na.rm) :
  no non-missing arguments to max; returning -Inf
Warning in processAudio(x, samplingRate = samplingRate, scale = scale, from = from,  :
  Failed to process the input
Error in analyze(input_path, windowLength = window_length, step = step_size,  : 
  Failed to analyze any input
Execution halted
[284/13201] 1116_132847_000010_000000_gen.wav
  OK
[237/13201] 1098_133695_000012_000007_gen.wav
  OK
[272/13201] 1098_133695_000031_000006_gen.wav
  OK
[288/13201] 1116_132847_000014_000001_gen.wav
  OK
[255/13201] 1098_133695_000015_000001_gen.wav
  OK
[287/13201] 1116_132847_000014_000000_gen.wav
  OK
[282/13201] 1116_132847_000007_000000_gen.wav
  OK
[290/13201] 1116_132847_000017_000000_gen.wav
  OK
[291/13201] 1116_132847_000017_000001_gen.wav
  OK
[285/13201] 1116_132847_000011_000001_gen.wav
  OK
[307/13201] 1116_132847_000052_000002_gen.wav
  FAILED: R analysis failed: Error in readBin(con, int, n = 4, size = 1, endian = "little", signed = FALSE) %*%  : 
  non-conformable arguments
Warning in min(x, na.rm = na.rm) :
  no non-missing arguments to min; returning Inf
Warning in max(x, na.rm = na.rm) :
  no non-missing arguments to max; returning -Inf
Warning in processAudio(x, samplingRate = samplingRate, scale = scale, from = from,  :
  Failed to process the input
Error in analyze(input_path, windowLength = window_length, step = step_size,  : 
  Failed to analyze any input
Execution halted
[309/13201] 1116_132847_000062_000001_gen.wav
  FAILED: R analysis failed: Error in readBin(con, int, n = 4, size = 1, endian = "little", signed = FALSE) %*%  : 
  non-conformable arguments
Warning in min(x, na.rm = na.rm) :
  no non-missing arguments to min; returning Inf
Warning in max(x, na.rm = na.rm) :
  no non-missing arguments to max; returning -Inf
Warning in processAudio(x, samplingRate = samplingRate, scale = scale, from = from,  :
  Failed to process the input
Error in analyze(input_path, windowLength = window_length, step = step_size,  : 
  Failed to analyze any input
Execution halted
[266/13201] 1098_133695_000030_000000_gen.wav
  OK
[277/13201] 1098_133695_000045_000002_gen.wav
  OK
[295/13201] 1116_132847_000021_000002_gen.wav
  OK
[280/13201] 1116_132847_000004_000000_gen.wav
  OK
[289/13201] 1116_132847_000014_000002_gen.wav
  OK
[297/13201] 1116_132847_000023_000002_gen.wav
  OK
[286/13201] 1116_132847_000013_000001_gen.wav
  OK
[296/13201] 1116_132847_000023_000000_gen.wav
  OK
[294/13201] 1116_132847_000019_000002_gen.wav
  OK
[299/13201] 1116_132847_000025_000000_gen.wav
  OK
[281/13201] 1116_132847_000004_000001_gen.wav
  OK
[269/13201] 1098_133695_000031_000002_gen.wav
  OK
[293/13201] 1116_132847_000019_000001_gen.wav
  OK
[300/13201] 1116_132847_000025_000001_gen.wav
  OK
[308/13201] 1116_132847_000054_000000_gen.wav
  OK
[310/13201] 1116_132847_000071_000000_gen.wav
  OK
[305/13201] 1116_132847_000046_000000_gen.wav
  OK
[311/13201] 1116_132847_000072_000001_gen.wav
  OK
[253/13201] 1098_133695_000014_000003_gen.wav
  OK
[304/13201] 1116_132847_000043_000000_gen.wav
  OK
[301/13201] 1116_132847_000025_000002_gen.wav
  OK
[312/13201] 1116_132847_000074_000002_gen.wav
  OK
[303/13201] 1116_132847_000039_000001_gen.wav
  OK
[315/13201] 1116_132847_000077_000000_gen.wav
  OK
[313/13201] 1116_132847_000075_000000_gen.wav
  OK
[306/13201] 1116_132847_000048_000000_gen.wav
  OK
[302/13201] 1116_132847_000039_000000_gen.wav
  OK
[332/13201] 1116_132851_000028_000002_gen.wav
  FAILED: R analysis failed: Error in readBin(con, int, n = 4, size = 1, endian = "little", signed = FALSE) %*%  : 
  non-conformable arguments
Warning in min(x, na.rm = na.rm) :
  no non-missing arguments to min; returning Inf
Warning in max(x, na.rm = na.rm) :
  no non-missing arguments to max; returning -Inf
Warning in processAudio(x, samplingRate = samplingRate, scale = scale, from = from,  :
  Failed to process the input
Error in analyze(input_path, windowLength = window_length, step = step_size,  : 
  Failed to analyze any input
Execution halted
[318/13201] 1116_132847_000084_000002_gen.wav
  OK
[323/13201] 1116_132851_000013_000000_gen.wav
  OK
[322/13201] 1116_132851_000011_000001_gen.wav
  OK
[314/13201] 1116_132847_000076_000000_gen.wav
  OK
[316/13201] 1116_132847_000077_000001_gen.wav
  OK
[326/13201] 1116_132851_000025_000000_gen.wav
  OK
[320/13201] 1116_132851_000005_000001_gen.wav
  OK
[319/13201] 1116_132847_000087_000001_gen.wav
  OK
[317/13201] 1116_132847_000077_000002_gen.wav
  OK
[321/13201] 1116_132851_000006_000001_gen.wav
  OK
[329/13201] 1116_132851_000027_000001_gen.wav
  OK
[331/13201] 1116_132851_000028_000001_gen.wav
  OK
[338/13201] 1116_132851_000034_000001_gen.wav
  OK
[328/13201] 1116_132851_000026_000001_gen.wav
  OK
[341/13201] 1116_132851_000036_000002_gen.wav
  OK
[324/13201] 1116_132851_000014_000000_gen.wav
  OK
[336/13201] 1116_132851_000032_000002_gen.wav
  OK
[330/13201] 1116_132851_000028_000000_gen.wav
  OK
[342/13201] 1116_132851_000038_000001_gen.wav
  OK
[345/13201] 1116_132851_000041_000001_gen.wav
  OK
[327/13201] 1116_132851_000026_000000_gen.wav
  OK
[340/13201] 1116_132851_000035_000002_gen.wav
  OK
[337/13201] 1116_132851_000033_000002_gen.wav
  OK
[339/13201] 1116_132851_000035_000001_gen.wav
  OK
[344/13201] 1116_132851_000039_000000_gen.wav
  OK
[325/13201] 1116_132851_000016_000002_gen.wav
  OK
[333/13201] 1116_132851_000029_000000_gen.wav
  OK
[364/13201] 1116_137572_000007_000002_gen.wav
  FAILED: R analysis failed: Error in readBin(con, int, n = 4, size = 1, endian = "little", signed = FALSE) %*%  : 
  non-conformable arguments
Warning in min(x, na.rm = na.rm) :
  no non-missing arguments to min; returning Inf
Warning in max(x, na.rm = na.rm) :
  no non-missing arguments to max; returning -Inf
Warning in processAudio(x, samplingRate = samplingRate, scale = scale, from = from,  :
  Failed to process the input
Error in analyze(input_path, windowLength = window_length, step = step_size,  : 
  Failed to analyze any input
Execution halted
[350/13201] 1116_132851_000045_000000_gen.wav
  OK
[334/13201] 1116_132851_000029_000001_gen.wav
  OK
[343/13201] 1116_132851_000038_000003_gen.wav
  OK
[351/13201] 1116_137572_000000_000002_gen.wav
  OK
[347/13201] 1116_132851_000043_000000_gen.wav
  OK
[349/13201] 1116_132851_000044_000001_gen.wav
  OK
[363/13201] 1116_137572_000005_000001_gen.wav
  OK
[346/13201] 1116_132851_000042_000000_gen.wav
  OK
[362/13201] 1116_137572_000005_000000_gen.wav
  OK
[348/13201] 1116_132851_000043_000001_gen.wav
  OK
[359/13201] 1116_137572_000004_000000_gen.wav
  OK
[352/13201] 1116_137572_000001_000000_gen.wav
  OK
[354/13201] 1116_137572_000001_000002_gen.wav
  OK
[366/13201] 1116_137572_000012_000000_gen.wav
  OK
[358/13201] 1116_137572_000003_000001_gen.wav
  OK
[367/13201] 1116_137572_000012_000001_gen.wav
  OK
[368/13201] 1116_137572_000013_000001_gen.wav
  OK
[353/13201] 1116_137572_000001_000001_gen.wav
  OK
[381/13201] 1116_137572_000020_000000_gen.wav
  FAILED: R analysis failed: Error in readBin(con, int, n = 4, size = 1, endian = "little", signed = FALSE) %*%  : 
  non-conformable arguments
Warning in min(x, na.rm = na.rm) :
  no non-missing arguments to min; returning Inf
Warning in max(x, na.rm = na.rm) :
  no non-missing arguments to max; returning -Inf
Warning in processAudio(x, samplingRate = samplingRate, scale = scale, from = from,  :
  Failed to process the input
Error in analyze(input_path, windowLength = window_length, step = step_size,  : 
  Failed to analyze any input
Execution halted
[383/13201] 1116_137572_000020_000002_gen.wav
  FAILED: R analysis failed: Error in readBin(con, int, n = 4, size = 1, endian = "little", signed = FALSE) %*%  : 
  non-conformable arguments
Warning in min(x, na.rm = na.rm) :
  no non-missing arguments to min; returning Inf
Warning in max(x, na.rm = na.rm) :
  no non-missing arguments to max; returning -Inf
Warning in processAudio(x, samplingRate = samplingRate, scale = scale, from = from,  :
  Failed to process the input
Error in analyze(input_path, windowLength = window_length, step = step_size,  : 
  Failed to analyze any input
Execution halted
[361/13201] 1116_137572_000004_000003_gen.wav
  OK
[335/13201] 1116_132851_000030_000001_gen.wav
  OK
[355/13201] 1116_137572_000002_000000_gen.wav
  OK
[360/13201] 1116_137572_000004_000001_gen.wav
  OK
[369/13201] 1116_137572_000013_000004_gen.wav
  OK
[374/13201] 1116_137572_000015_000003_gen.wav
  OK
[377/13201] 1116_137572_000016_000003_gen.wav
  OK
[357/13201] 1116_137572_000003_000000_gen.wav
  OK
[375/13201] 1116_137572_000016_000000_gen.wav
  OK
[393/13201] 1116_137572_000028_000001_gen.wav
  FAILED: R analysis failed: Error in readBin(con, int, n = 4, size = 1, endian = "little", signed = FALSE) %*%  : 
  non-conformable arguments
Warning in min(x, na.rm = na.rm) :
  no non-missing arguments to min; returning Inf
Warning in max(x, na.rm = na.rm) :
  no non-missing arguments to max; returning -Inf
Warning in processAudio(x, samplingRate = samplingRate, scale = scale, from = from,  :
  Failed to process the input
Error in analyze(input_path, windowLength = window_length, step = step_size,  : 
  Failed to analyze any input
Execution halted
[372/13201] 1116_137572_000015_000000_gen.wav
  OK
[373/13201] 1116_137572_000015_000002_gen.wav
  OK
[384/13201] 1116_137572_000021_000003_gen.wav
  OK
[385/13201] 1116_137572_000021_000004_gen.wav
  OK
[376/13201] 1116_137572_000016_000002_gen.wav
  OK
[379/13201] 1116_137572_000017_000004_gen.wav
  OK
[356/13201] 1116_137572_000002_000001_gen.wav
  OK
[365/13201] 1116_137572_000010_000000_gen.wav
  OK
[387/13201] 1116_137572_000022_000001_gen.wav
  OK
[389/13201] 1116_137572_000024_000001_gen.wav
  OK
[382/13201] 1116_137572_000020_000001_gen.wav
  OK
[391/13201] 1116_137572_000026_000001_gen.wav
  OK
[370/13201] 1116_137572_000014_000001_gen.wav
  OK
[390/13201] 1116_137572_000025_000002_gen.wav
  OK
[410/13201] 1183_124566_000011_000001_gen.wav
  FAILED: R analysis failed: Error in readBin(con, int, n = 4, size = 1, endian = "little", signed = FALSE) %*%  : 
  non-conformable arguments
Warning in min(x, na.rm = na.rm) :
  no non-missing arguments to min; returning Inf
Warning in max(x, na.rm = na.rm) :
  no non-missing arguments to max; returning -Inf
Warning in processAudio(x, samplingRate = samplingRate, scale = scale, from = from,  :
  Failed to process the input
Error in analyze(input_path, windowLength = window_length, step = step_size,  : 
  Failed to analyze any input
Execution halted
[388/13201] 1116_137572_000024_000000_gen.wav
  OK
[371/13201] 1116_137572_000014_000002_gen.wav
  OK
[395/13201] 1116_137572_000030_000008_gen.wav
  OK
[400/13201] 1116_137572_000038_000000_gen.wav
  OK
[394/13201] 1116_137572_000030_000002_gen.wav
  OK
[378/13201] 1116_137572_000017_000000_gen.wav
  OK
[386/13201] 1116_137572_000021_000005_gen.wav
  OK
[398/13201] 1116_137572_000037_000000_gen.wav
  OK
[380/13201] 1116_137572_000019_000000_gen.wav
  OK
[403/13201] 1116_137572_000041_000001_gen.wav
  OK
[392/13201] 1116_137572_000028_000000_gen.wav
  OK
[405/13201] 1116_137572_000042_000002_gen.wav
  OK
[401/13201] 1116_137572_000040_000000_gen.wav
  OK
[408/13201] 1116_137572_000044_000002_gen.wav
  OK
[399/13201] 1116_137572_000037_000002_gen.wav
  OK
[415/13201] 1183_128659_000017_000001_gen.wav
  OK
[414/13201] 1183_128659_000017_000000_gen.wav
  OK
[412/13201] 1183_128659_000009_000001_gen.wav
  OK
[416/13201] 1183_128659_000025_000001_gen.wav
  OK
[409/13201] 1116_137572_000044_000003_gen.wav
  OK
[419/13201] 1183_128659_000043_000001_gen.wav
  OK
[404/13201] 1116_137572_000042_000001_gen.wav
  OK
[413/13201] 1183_128659_000012_000001_gen.wav
  OK
[411/13201] 1183_128659_000003_000002_gen.wav
  OK
[406/13201] 1116_137572_000043_000001_gen.wav
  OK
[433/13201] 1183_133255_000060_000000_gen.wav
  FAILED: R analysis failed: Error in readBin(con, int, n = 4, size = 1, endian = "little", signed = FALSE) %*%  : 
  non-conformable arguments
Warning in min(x, na.rm = na.rm) :
  no non-missing arguments to min; returning Inf
Warning in max(x, na.rm = na.rm) :
  no non-missing arguments to max; returning -Inf
Warning in processAudio(x, samplingRate = samplingRate, scale = scale, from = from,  :
  Failed to process the input
Error in analyze(input_path, windowLength = window_length, step = step_size,  : 
  Failed to analyze any input
Execution halted
[423/13201] 1183_133255_000011_000000_gen.wav
  OK
[402/13201] 1116_137572_000041_000000_gen.wav
  OK
[422/13201] 1183_133255_000006_000000_gen.wav
  OK
[396/13201] 1116_137572_000031_000000_gen.wav
  OK
[421/13201] 1183_128659_000052_000001_gen.wav
  OK
[418/13201] 1183_128659_000035_000000_gen.wav
  OK
[397/13201] 1116_137572_000032_000000_gen.wav
  OK
[441/13201] 1183_133256_000029_000001_gen.wav
  FAILED: R analysis failed: Error in readBin(con, int, n = 4, size = 1, endian = "little", signed = FALSE) %*%  : 
  non-conformable arguments
Warning in min(x, na.rm = na.rm) :
  no non-missing arguments to min; returning Inf
Warning in max(x, na.rm = na.rm) :
  no non-missing arguments to max; returning -Inf
Warning in processAudio(x, samplingRate = samplingRate, scale = scale, from = from,  :
  Failed to process the input
Error in analyze(input_path, windowLength = window_length, step = step_size,  : 
  Failed to analyze any input
Execution halted
[426/13201] 1183_133255_000026_000001_gen.wav
  OK
[407/13201] 1116_137572_000043_000002_gen.wav
  OK
[427/13201] 1183_133255_000032_000000_gen.wav
  OK
[448/13201] 1183_133256_000071_000002_gen.wav
  FAILED: R analysis failed: Error in readBin(con, int, n = 4, size = 1, endian = "little", signed = FALSE) %*%  : 
  non-conformable arguments
Warning in min(x, na.rm = na.rm) :
  no non-missing arguments to min; returning Inf
Warning in max(x, na.rm = na.rm) :
  no non-missing arguments to max; returning -Inf
Warning in processAudio(x, samplingRate = samplingRate, scale = scale, from = from,  :
  Failed to process the input
Error in analyze(input_path, windowLength = window_length, step = step_size,  : 
  Failed to analyze any input
Execution halted
[424/13201] 1183_133255_000016_000000_gen.wav
  OK
[428/13201] 1183_133255_000042_000001_gen.wav
  OK
[420/13201] 1183_128659_000047_000002_gen.wav
  OK
[453/13201] 118_124588_000007_000003_gen.wav
  FAILED: R analysis failed: Error in readBin(con, int, n = 4, size = 1, endian = "little", signed = FALSE) %*%  : 
  non-conformable arguments
Warning in min(x, na.rm = na.rm) :
  no non-missing arguments to min; returning Inf
Warning in max(x, na.rm = na.rm) :
  no non-missing arguments to max; returning -Inf
Warning in processAudio(x, samplingRate = samplingRate, scale = scale, from = from,  :
  Failed to process the input
Error in analyze(input_path, windowLength = window_length, step = step_size,  : 
  Failed to analyze any input
Execution halted
[417/13201] 1183_128659_000033_000001_gen.wav
  OK
[435/13201] 1183_133255_000079_000000_gen.wav
  OK
[437/13201] 1183_133256_000011_000000_gen.wav
  OK
[442/13201] 1183_133256_000035_000000_gen.wav
  OK
[457/13201] 118_47824_000025_000000_gen.wav
  FAILED: R analysis failed: Error in readBin(con, int, n = 4, size = 1, endian = "little", signed = FALSE) %*%  : 
  non-conformable arguments
Warning in min(x, na.rm = na.rm) :
  no non-missing arguments to min; returning Inf
Warning in max(x, na.rm = na.rm) :
  no non-missing arguments to max; returning -Inf
Warning in processAudio(x, samplingRate = samplingRate, scale = scale, from = from,  :
  Failed to process the input
Error in analyze(input_path, windowLength = window_length, step = step_size,  : 
  Failed to analyze any input
Execution halted
[436/13201] 1183_133256_000008_000000_gen.wav
  OK
[434/13201] 1183_133255_000065_000001_gen.wav
  OK
[459/13201] 118_47824_000044_000003_gen.wav
  FAILED: R analysis failed: Error in readBin(con, int, n = 4, size = 1, endian = "little", signed = FALSE) %*%  : 
  non-conformable arguments
Warning in min(x, na.rm = na.rm) :
  no non-missing arguments to min; returning Inf
Warning in max(x, na.rm = na.rm) :
  no non-missing arguments to max; returning -Inf
Warning in processAudio(x, samplingRate = samplingRate, scale = scale, from = from,  :
  Failed to process the input
Error in analyze(input_path, windowLength = window_length, step = step_size,  : 
  Failed to analyze any input
Execution halted
[430/13201] 1183_133255_000044_000002_gen.wav
  OK
[445/13201] 1183_133256_000042_000000_gen.wav
  OK
[446/13201] 1183_133256_000051_000002_gen.wav
  OK
[444/13201] 1183_133256_000040_000000_gen.wav
  OK
[425/13201] 1183_133255_000021_000002_gen.wav
  OK
[464/13201] 118_47824_000071_000006_gen.wav
  FAILED: R analysis failed: Error in readBin(con, int, n = 4, size = 1, endian = "little", signed = FALSE) %*%  : 
  non-conformable arguments
Warning in min(x, na.rm = na.rm) :
  no non-missing arguments to min; returning Inf
Warning in max(x, na.rm = na.rm) :
  no non-missing arguments to max; returning -Inf
Warning in processAudio(x, samplingRate = samplingRate, scale = scale, from = from,  :
  Failed to process the input
Error in analyze(input_path, windowLength = window_length, step = step_size,  : 
  Failed to analyze any input
Execution halted
[443/13201] 1183_133256_000036_000001_gen.wav
  OK
[438/13201] 1183_133256_000021_000001_gen.wav
  OK
[455/13201] 118_124588_000010_000006_gen.wav
  OK
[447/13201] 1183_133256_000071_000001_gen.wav
  OK
[450/13201] 1183_133256_000075_000000_gen.wav
  OK
[432/13201] 1183_133255_000050_000000_gen.wav
  OK
[456/13201] 118_47824_000004_000004_gen.wav
  OK
[431/13201] 1183_133255_000047_000000_gen.wav
  OK
[460/13201] 118_47824_000049_000004_gen.wav
  OK
[470/13201] 118_47824_000088_000002_gen.wav
  OK
[440/13201] 1183_133256_000026_000000_gen.wav
  OK
[466/13201] 118_47824_000083_000009_gen.wav
  OK
[468/13201] 118_47824_000083_000014_gen.wav
  OK
[462/13201] 118_47824_000070_000000_gen.wav
  OK
[439/13201] 1183_133256_000022_000001_gen.wav
  OK
[469/13201] 118_47824_000088_000000_gen.wav
  OK
[473/13201] 118_47824_000106_000000_gen.wav
  OK
[449/13201] 1183_133256_000074_000000_gen.wav
  OK
[474/13201] 118_47824_000110_000003_gen.wav
  OK
[451/13201] 1183_133256_000076_000000_gen.wav
  OK
[461/13201] 118_47824_000050_000000_gen.wav
  OK
[454/13201] 118_124588_000010_000004_gen.wav
  OK
[458/13201] 118_47824_000035_000003_gen.wav
  OK
[476/13201] 118_47824_000122_000000_gen.wav
  OK
[467/13201] 118_47824_000083_000010_gen.wav
  OK
[452/13201] 1183_133256_000083_000005_gen.wav
  OK
[429/13201] 1183_133255_000043_000000_gen.wav
  OK
[475/13201] 118_47824_000121_000004_gen.wav
  OK
[479/13201] 1235_135883_000004_000003_gen.wav
  OK
[463/13201] 118_47824_000071_000004_gen.wav
  OK
[465/13201] 118_47824_000083_000008_gen.wav
  OK
[471/13201] 118_47824_000088_000003_gen.wav
  OK
[498/13201] 1235_135884_000009_000003_gen.wav
  FAILED: R analysis failed: Error in readBin(con, int, n = 4, size = 1, endian = "little", signed = FALSE) %*%  : 
  non-conformable arguments
Warning in min(x, na.rm = na.rm) :
  no non-missing arguments to min; returning Inf
Warning in max(x, na.rm = na.rm) :
  no non-missing arguments to max; returning -Inf
Warning in processAudio(x, samplingRate = samplingRate, scale = scale, from = from,  :
  Failed to process the input
Error in analyze(input_path, windowLength = window_length, step = step_size,  : 
  Failed to analyze any input
Execution halted
[484/13201] 1235_135884_000003_000001_gen.wav
  OK
[495/13201] 1235_135884_000007_000002_gen.wav
  OK
[481/13201] 1235_135883_000008_000005_gen.wav
  OK
[472/13201] 118_47824_000089_000001_gen.wav
  OK
[480/13201] 1235_135883_000008_000003_gen.wav
  OK
[483/13201] 1235_135884_000002_000002_gen.wav
  OK
[485/13201] 1235_135884_000003_000003_gen.wav
  OK
[477/13201] 118_47824_000125_000001_gen.wav
  OK
[487/13201] 1235_135884_000004_000003_gen.wav
  OK
[488/13201] 1235_135884_000004_000004_gen.wav
  OK
[486/13201] 1235_135884_000004_000001_gen.wav
  OK
[489/13201] 1235_135884_000005_000001_gen.wav
  OK
[482/13201] 1235_135883_000008_000006_gen.wav
  OK
[490/13201] 1235_135884_000005_000004_gen.wav
  OK
[478/13201] 118_47824_000130_000002_gen.wav
  OK
[492/13201] 1235_135884_000006_000000_gen.wav
  OK
[499/13201] 1235_135884_000010_000001_gen.wav
  OK
[496/13201] 1235_135884_000008_000000_gen.wav
  OK
[491/13201] 1235_135884_000005_000005_gen.wav
  OK
[508/13201] 1246_124548_000005_000000_gen.wav
  OK
[494/13201] 1235_135884_000006_000002_gen.wav
  OK
[514/13201] 1246_124548_000009_000000_gen.wav
  OK
[515/13201] 1246_124548_000013_000000_gen.wav
  OK
[493/13201] 1235_135884_000006_000001_gen.wav
  OK
[501/13201] 1235_135884_000010_000005_gen.wav
  OK
[507/13201] 1246_124548_000004_000000_gen.wav
  OK
[512/13201] 1246_124548_000007_000006_gen.wav
  OK
[510/13201] 1246_124548_000007_000004_gen.wav
  OK
[513/13201] 1246_124548_000008_000002_gen.wav
  OK
[502/13201] 1235_135884_000011_000002_gen.wav
  OK
