Running batch analysis with 24 parallel jobs on CPU (host cores: 40).
[1/15800] audios-1-14/id0001/1.wav
  FAILED: R analysis failed: 错误于library(soundgen): 不存在叫‘soundgen’这个名称的程序包
Calls: suppressPackageStartupMessages -> withCallingHandlers -> library
停止执行
[3/15800] audios-1-14/id0001/100.wav
  FAILED: R analysis failed: 错误于library(soundgen): 不存在叫‘soundgen’这个名称的程序包
Calls: suppressPackageStartupMessages -> withCallingHandlers -> library
停止执行
[2/15800] audios-1-14/id0001/10.wav
  FAILED: R analysis failed: 错误于library(soundgen): 不存在叫‘soundgen’这个名称的程序包
Calls: suppressPackageStartupMessages -> withCallingHandlers -> library
停止执行
[8/15800] audios-1-14/id0001/104.wav
  FAILED: R analysis failed: 错误于library(soundgen): 不存在叫‘soundgen’这个名称的程序包
Calls: suppressPackageStartupMessages -> withCallingHandlers -> library
停止执行
[10/15800] audios-1-14/id0001/106.wav
  FAILED: R analysis failed: 错误于library(soundgen): 不存在叫‘soundgen’这个名称的程序包
Calls: suppressPackageStartupMessages -> withCallingHandlers -> library
停止执行
[11/15800] audios-1-14/id0001/107.wav
  FAILED: R analysis failed: 错误于library(soundgen): 不存在叫‘soundgen’这个名称的程序包
Calls: suppressPackageStartupMessages -> withCallingHandlers -> library
停止执行
[12/15800] audios-1-14/id0001/108.wav
  FAILED: R analysis failed: 错误于library(soundgen): 不存在叫‘soundgen’这个名称的程序包
Calls: suppressPackageStartupMessages -> withCallingHandlers -> library
停止执行
[9/15800] audios-1-14/id0001/105.wav
  FAILED: R analysis failed: 错误于library(soundgen): 不存在叫‘soundgen’这个名称的程序包
Calls: suppressPackageStartupMessages -> withCallingHandlers -> library
停止执行
[21/15800] audios-1-14/id0001/116.wav
  FAILED: R analysis failed: 错误于library(soundgen): 不存在叫‘soundgen’这个名称的程序包
Calls: suppressPackageStartupMessages -> withCallingHandlers -> library
停止执行
[4/15800] audios-1-14/id0001/1000.wav
  FAILED: R analysis failed: 错误于library(soundgen): 不存在叫‘soundgen’这个名称的程序包
Calls: suppressPackageStartupMessages -> withCallingHandlers -> library
停止执行
[6/15800] audios-1-14/id0001/102.wav
  FAILED: R analysis failed: 错误于library(soundgen): 不存在叫‘soundgen’这个名称的程序包
Calls: suppressPackageStartupMessages -> withCallingHandlers -> library
停止执行
[15/15800] audios-1-14/id0001/110.wav
  FAILED: R analysis failed: 错误于library(soundgen): 不存在叫‘soundgen’这个名称的程序包
Calls: suppressPackageStartupMessages -> withCallingHandlers -> library
停止执行
[22/15800] audios-1-14/id0001/117.wav
  FAILED: R analysis failed: 错误于library(soundgen): 不存在叫‘soundgen’这个名称的程序包
Calls: suppressPackageStartupMessages -> withCallingHandlers -> library
停止执行
[19/15800] audios-1-14/id0001/114.wav
  FAILED: R analysis failed: 错误于library(soundgen): 不存在叫‘soundgen’这个名称的程序包
Calls: suppressPackageStartupMessages -> withCallingHandlers -> library
停止执行
[17/15800] audios-1-14/id0001/112.wav
  FAILED: R analysis failed: 错误于library(soundgen): 不存在叫‘soundgen’这个名称的程序包
Calls: suppressPackageStartupMessages -> withCallingHandlers -> library
停止执行
[23/15800] audios-1-14/id0001/118.wav
  FAILED: R analysis failed: 错误于library(soundgen): 不存在叫‘soundgen’这个名称的程序包
Calls: suppressPackageStartupMessages -> withCallingHandlers -> library
停止执行
[13/15800] audios-1-14/id0001/109.wav
  FAILED: R analysis failed: 错误于library(soundgen): 不存在叫‘soundgen’这个名称的程序包
Calls: suppressPackageStartupMessages -> withCallingHandlers -> library
停止执行
[20/15800] audios-1-14/id0001/115.wav
  FAILED: R analysis failed: 错误于library(soundgen): 不存在叫‘soundgen’这个名称的程序包
Calls: suppressPackageStartupMessages -> withCallingHandlers -> library
停止执行
[14/15800] audios-1-14/id0001/11.wav
  FAILED: R analysis failed: 错误于library(soundgen): 不存在叫‘soundgen’这个名称的程序包
Calls: suppressPackageStartupMessages -> withCallingHandlers -> library
停止执行
[5/15800] audios-1-14/id0001/101.wav
  FAILED: R analysis failed: 错误于library(soundgen): 不存在叫‘soundgen’这个名称的程序包
Calls: suppressPackageStartupMessages -> withCallingHandlers -> library
停止执行
[16/15800] audios-1-14/id0001/111.wav
  FAILED: R analysis failed: 错误于library(soundgen): 不存在叫‘soundgen’这个名称的程序包
Calls: suppressPackageStartupMessages -> withCallingHandlers -> library
停止执行
[18/15800] audios-1-14/id0001/113.wav
  FAILED: R analysis failed: 错误于library(soundgen): 不存在叫‘soundgen’这个名称的程序包
Calls: suppressPackageStartupMessages -> withCallingHandlers -> library
停止执行
[28/15800] audios-1-14/id0001/122.wav
  FAILED: R analysis failed: 错误于library(soundgen): 不存在叫‘soundgen’这个名称的程序包
Calls: suppressPackageStartupMessages -> withCallingHandlers -> library
停止执行
[7/15800] audios-1-14/id0001/103.wav
  FAILED: R analysis failed: 错误于library(soundgen): 不存在叫‘soundgen’这个名称的程序包
Calls: suppressPackageStartupMessages -> withCallingHandlers -> library
停止执行
[26/15800] audios-1-14/id0001/120.wav
  FAILED: R analysis failed: 错误于library(soundgen): 不存在叫‘soundgen’这个名称的程序包
Calls: suppressPackageStartupMessages -> withCallingHandlers -> library
停止执行
[39/15800] audios-1-14/id0001/132.wav
  FAILED: R analysis failed: 错误于library(soundgen): 不存在叫‘soundgen’这个名称的程序包
Calls: suppressPackageStartupMessages -> withCallingHandlers -> library
停止执行
[30/15800] audios-1-14/id0001/124.wav
  FAILED: R analysis failed: 错误于library(soundgen): 不存在叫‘soundgen’这个名称的程序包
Calls: suppressPackageStartupMessages -> withCallingHandlers -> library
停止执行
[29/15800] audios-1-14/id0001/123.wav
  FAILED: R analysis failed: 错误于library(soundgen): 不存在叫‘soundgen’这个名称的程序包
Calls: suppressPackageStartupMessages -> withCallingHandlers -> library
停止执行
[36/15800] audios-1-14/id0001/13.wav
  FAILED: R analysis failed: 错误于library(soundgen): 不存在叫‘soundgen’这个名称的程序包
Calls: suppressPackageStartupMessages -> withCallingHandlers -> library
停止执行
[25/15800] audios-1-14/id0001/12.wav
  FAILED: R analysis failed: 错误于library(soundgen): 不存在叫‘soundgen’这个名称的程序包
Calls: suppressPackageStartupMessages -> withCallingHandlers -> library
停止执行
[35/15800] audios-1-14/id0001/129.wav
  FAILED: R analysis failed: 错误于library(soundgen): 不存在叫‘soundgen’这个名称的程序包
Calls: suppressPackageStartupMessages -> withCallingHandlers -> library
停止执行
[24/15800] audios-1-14/id0001/119.wav
  FAILED: R analysis failed: 错误于library(soundgen): 不存在叫‘soundgen’这个名称的程序包
Calls: suppressPackageStartupMessages -> withCallingHandlers -> library
停止执行
[38/15800] audios-1-14/id0001/131.wav
  FAILED: R analysis failed: 错误于library(soundgen): 不存在叫‘soundgen’这个名称的程序包
Calls: suppressPackageStartupMessages -> withCallingHandlers -> library
停止执行
[31/15800] audios-1-14/id0001/125.wav
  FAILED: R analysis failed: 错误于library(soundgen): 不存在叫‘soundgen’这个名称的程序包
Calls: suppressPackageStartupMessages -> withCallingHandlers -> library
停止执行
[32/15800] audios-1-14/id0001/126.wav
  FAILED: R analysis failed: 错误于library(soundgen): 不存在叫‘soundgen’这个名称的程序包
Calls: suppressPackageStartupMessages -> withCallingHandlers -> library
停止执行
[41/15800] audios-1-14/id0001/134.wav
  FAILED: R analysis failed: 错误于library(soundgen): 不存在叫‘soundgen’这个名称的程序包
Calls: suppressPackageStartupMessages -> withCallingHandlers -> library
停止执行
[40/15800] audios-1-14/id0001/133.wav
  FAILED: R analysis failed: 错误于library(soundgen): 不存在叫‘soundgen’这个名称的程序包
Calls: suppressPackageStartupMessages -> withCallingHandlers -> library
停止执行
[27/15800] audios-1-14/id0001/121.wav
  FAILED: R analysis failed: 错误于library(soundgen): 不存在叫‘soundgen’这个名称的程序包
Calls: suppressPackageStartupMessages -> withCallingHandlers -> library
停止执行
[37/15800] audios-1-14/id0001/130.wav
  FAILED: R analysis failed: 错误于library(soundgen): 不存在叫‘soundgen’这个名称的程序包
Calls: suppressPackageStartupMessages -> withCallingHandlers -> library
停止执行
[42/15800] audios-1-14/id0001/135.wav
  FAILED: R analysis failed: 错误于library(soundgen): 不存在叫‘soundgen’这个名称的程序包
Calls: suppressPackageStartupMessages -> withCallingHandlers -> library
停止执行
[33/15800] audios-1-14/id0001/127.wav
  FAILED: R analysis failed: 错误于library(soundgen): 不存在叫‘soundgen’这个名称的程序包
Calls: suppressPackageStartupMessages -> withCallingHandlers -> library
停止执行
[34/15800] audios-1-14/id0001/128.wav
  FAILED: R analysis failed: 错误于library(soundgen): 不存在叫‘soundgen’这个名称的程序包
Calls: suppressPackageStartupMessages -> withCallingHandlers -> library
停止执行
[43/15800] audios-1-14/id0001/136.wav
  FAILED: R analysis failed: 错误于library(soundgen): 不存在叫‘soundgen’这个名称的程序包
Calls: suppressPackageStartupMessages -> withCallingHandlers -> library
停止执行
